<?xml version="1.0" encoding="UTF-8"?>
<!-- Generated by org.testng.reporters.JUnitReportReporter -->
<testsuite skipped="0" hostname="Bayrams-MacBook-Pro.local" name="expediaTESTS.Dene" tests="1" failures="0" timestamp="23 Jun 2018 15:36:06 GMT" time="15.568" errors="0">
  <testcase name="hotelRezervation" time="15.568" classname="expediaTESTS.Dene"/>
</testsuite> <!-- expediaTESTS.Dene -->
